INFO - 01/28/25 21:17:23 - 0:00:00 - ============ Initialized logger ============
INFO - 01/28/25 21:17:23 - 0:00:00 - data_input: example/fake_data.txt
                                     log: True
                                     method: sparcc
                                     n_iter: 2
                                     name: experiment_sparCC
                                     norm: dirichlet
                                     path_corr_file: ./SparCC/data/corr_files
                                     path_cov_file: ./SparCC/data/cov_files
                                     save_cor: example/cor_sparcc.csv
                                     save_cov: None
                                     savedir: ./SparCC/data
                                     threshold: 0.1
                                     verbose: True
                                     x_iter: 2
INFO - 01/28/25 21:17:23 - 0:00:00 - Start of Process
INFO - 01/28/25 21:17:23 - 0:00:00 - Loading the file example/fake_data.txt
INFO - 01/28/25 21:17:26 - 0:00:00 - ============ Initialized logger ============
INFO - 01/28/25 21:17:26 - 0:00:00 - data_input: example/pvals/permutation_0.csv
                                     log: True
                                     method: sparcc
                                     n_iter: 2
                                     name: experiment_sparCC
                                     norm: dirichlet
                                     path_corr_file: ./SparCC/data/corr_files
                                     path_cov_file: ./SparCC/data/cov_files
                                     save_cor: example/pvals/perm_cor_0.csv
                                     save_cov: None
                                     savedir: ./SparCC/data
                                     threshold: 0.1
                                     verbose: True
                                     x_iter: 2
INFO - 01/28/25 21:17:26 - 0:00:00 - Start of Process
INFO - 01/28/25 21:17:26 - 0:00:00 - Loading the file example/pvals/permutation_0.csv
INFO - 01/28/25 21:17:28 - 0:00:00 - ============ Initialized logger ============
INFO - 01/28/25 21:17:28 - 0:00:00 - data_input: example/pvals/permutation_1.csv
                                     log: True
                                     method: sparcc
                                     n_iter: 2
                                     name: experiment_sparCC
                                     norm: dirichlet
                                     path_corr_file: ./SparCC/data/corr_files
                                     path_cov_file: ./SparCC/data/cov_files
                                     save_cor: example/pvals/perm_cor_1.csv
                                     save_cov: None
                                     savedir: ./SparCC/data
                                     threshold: 0.1
                                     verbose: True
                                     x_iter: 2
INFO - 01/28/25 21:17:28 - 0:00:00 - Start of Process
INFO - 01/28/25 21:17:28 - 0:00:00 - Loading the file example/pvals/permutation_1.csv
INFO - 01/28/25 21:17:30 - 0:00:00 - ============ Initialized logger ============
INFO - 01/28/25 21:17:30 - 0:00:00 - data_input: example/pvals/permutation_2.csv
                                     log: True
                                     method: sparcc
                                     n_iter: 2
                                     name: experiment_sparCC
                                     norm: dirichlet
                                     path_corr_file: ./SparCC/data/corr_files
                                     path_cov_file: ./SparCC/data/cov_files
                                     save_cor: example/pvals/perm_cor_2.csv
                                     save_cov: None
                                     savedir: ./SparCC/data
                                     threshold: 0.1
                                     verbose: True
                                     x_iter: 2
INFO - 01/28/25 21:17:30 - 0:00:00 - Start of Process
INFO - 01/28/25 21:17:30 - 0:00:00 - Loading the file example/pvals/permutation_2.csv
INFO - 01/28/25 21:17:33 - 0:00:00 - ============ Initialized logger ============
INFO - 01/28/25 21:17:33 - 0:00:00 - data_input: example/fake_data.txt
                                     log: True
                                     method: sparcc
                                     n_iter: 2
                                     name: experiment_sparCC
                                     norm: dirichlet
                                     path_corr_file: ./SparCC/data/corr_files
                                     path_cov_file: ./SparCC/data/cov_files
                                     save_cor: example/cor_sparcc.csv
                                     save_cov: None
                                     savedir: ./SparCC/data
                                     threshold: 0.1
                                     verbose: True
                                     x_iter: 2
INFO - 01/28/25 21:17:33 - 0:00:00 - Start of Process
INFO - 01/28/25 21:17:33 - 0:00:00 - Loading the file example/fake_data.txt
INFO - 01/28/25 21:17:36 - 0:00:00 - ============ Initialized logger ============
INFO - 01/28/25 21:17:36 - 0:00:00 - data_input: example/pvals/permutation_0.csv
                                     log: True
                                     method: sparcc
                                     n_iter: 2
                                     name: experiment_sparCC
                                     norm: dirichlet
                                     path_corr_file: ./SparCC/data/corr_files
                                     path_cov_file: ./SparCC/data/cov_files
                                     save_cor: example/pvals/perm_cor_0.csv
                                     save_cov: None
                                     savedir: ./SparCC/data
                                     threshold: 0.1
                                     verbose: True
                                     x_iter: 2
INFO - 01/28/25 21:17:36 - 0:00:00 - Start of Process
INFO - 01/28/25 21:17:36 - 0:00:00 - Loading the file example/pvals/permutation_0.csv
INFO - 01/28/25 21:17:38 - 0:00:00 - ============ Initialized logger ============
INFO - 01/28/25 21:17:38 - 0:00:00 - data_input: example/pvals/permutation_1.csv
                                     log: True
                                     method: sparcc
                                     n_iter: 2
                                     name: experiment_sparCC
                                     norm: dirichlet
                                     path_corr_file: ./SparCC/data/corr_files
                                     path_cov_file: ./SparCC/data/cov_files
                                     save_cor: example/pvals/perm_cor_1.csv
                                     save_cov: None
                                     savedir: ./SparCC/data
                                     threshold: 0.1
                                     verbose: True
                                     x_iter: 2
INFO - 01/28/25 21:17:38 - 0:00:00 - Start of Process
INFO - 01/28/25 21:17:38 - 0:00:00 - Loading the file example/pvals/permutation_1.csv
INFO - 01/28/25 21:17:40 - 0:00:00 - ============ Initialized logger ============
INFO - 01/28/25 21:17:40 - 0:00:00 - data_input: example/pvals/permutation_2.csv
                                     log: True
                                     method: sparcc
                                     n_iter: 2
                                     name: experiment_sparCC
                                     norm: dirichlet
                                     path_corr_file: ./SparCC/data/corr_files
                                     path_cov_file: ./SparCC/data/cov_files
                                     save_cor: example/pvals/perm_cor_2.csv
                                     save_cov: None
                                     savedir: ./SparCC/data
                                     threshold: 0.1
                                     verbose: True
                                     x_iter: 2
INFO - 01/28/25 21:17:40 - 0:00:00 - Start of Process
INFO - 01/28/25 21:17:40 - 0:00:00 - Loading the file example/pvals/permutation_2.csv
INFO - 01/28/25 21:45:53 - 0:00:00 - ============ Initialized logger ============
INFO - 01/28/25 21:45:53 - 0:00:00 - data_input: example/fake_data.txt
                                     log: True
                                     method: sparcc
                                     n_iter: 2
                                     name: experiment_sparCC
                                     norm: dirichlet
                                     path_corr_file: ./SparCC/data/corr_files
                                     path_cov_file: ./SparCC/data/cov_files
                                     save_cor: example/cor_sparcc.csv
                                     save_cov: None
                                     savedir: ./SparCC/data
                                     threshold: 0.1
                                     verbose: True
                                     x_iter: 2
INFO - 01/28/25 21:45:53 - 0:00:00 - Start of Process
INFO - 01/28/25 21:45:53 - 0:00:00 - Loading the file example/fake_data.txt
INFO - 01/28/25 21:45:56 - 0:00:00 - ============ Initialized logger ============
INFO - 01/28/25 21:45:56 - 0:00:00 - data_input: example/pvals/permutation_0.csv
                                     log: True
                                     method: sparcc
                                     n_iter: 2
                                     name: experiment_sparCC
                                     norm: dirichlet
                                     path_corr_file: ./SparCC/data/corr_files
                                     path_cov_file: ./SparCC/data/cov_files
                                     save_cor: example/pvals/perm_cor_0.csv
                                     save_cov: None
                                     savedir: ./SparCC/data
                                     threshold: 0.1
                                     verbose: True
                                     x_iter: 2
INFO - 01/28/25 21:45:56 - 0:00:00 - Start of Process
INFO - 01/28/25 21:45:56 - 0:00:00 - Loading the file example/pvals/permutation_0.csv
INFO - 01/28/25 21:45:58 - 0:00:00 - ============ Initialized logger ============
INFO - 01/28/25 21:45:58 - 0:00:00 - data_input: example/pvals/permutation_1.csv
                                     log: True
                                     method: sparcc
                                     n_iter: 2
                                     name: experiment_sparCC
                                     norm: dirichlet
                                     path_corr_file: ./SparCC/data/corr_files
                                     path_cov_file: ./SparCC/data/cov_files
                                     save_cor: example/pvals/perm_cor_1.csv
                                     save_cov: None
                                     savedir: ./SparCC/data
                                     threshold: 0.1
                                     verbose: True
                                     x_iter: 2
INFO - 01/28/25 21:45:58 - 0:00:00 - Start of Process
INFO - 01/28/25 21:45:58 - 0:00:00 - Loading the file example/pvals/permutation_1.csv
INFO - 01/28/25 21:46:00 - 0:00:00 - ============ Initialized logger ============
INFO - 01/28/25 21:46:00 - 0:00:00 - data_input: example/pvals/permutation_2.csv
                                     log: True
                                     method: sparcc
                                     n_iter: 2
                                     name: experiment_sparCC
                                     norm: dirichlet
                                     path_corr_file: ./SparCC/data/corr_files
                                     path_cov_file: ./SparCC/data/cov_files
                                     save_cor: example/pvals/perm_cor_2.csv
                                     save_cov: None
                                     savedir: ./SparCC/data
                                     threshold: 0.1
                                     verbose: True
                                     x_iter: 2
INFO - 01/28/25 21:46:00 - 0:00:00 - Start of Process
INFO - 01/28/25 21:46:00 - 0:00:00 - Loading the file example/pvals/permutation_2.csv
INFO - 01/28/25 21:46:03 - 0:00:00 - ============ Initialized logger ============
INFO - 01/28/25 21:46:03 - 0:00:00 - data_input: example/fake_data.txt
                                     log: True
                                     method: sparcc
                                     n_iter: 2
                                     name: experiment_sparCC
                                     norm: dirichlet
                                     path_corr_file: ./SparCC/data/corr_files
                                     path_cov_file: ./SparCC/data/cov_files
                                     save_cor: example/cor_sparcc.csv
                                     save_cov: None
                                     savedir: ./SparCC/data
                                     threshold: 0.1
                                     verbose: True
                                     x_iter: 2
INFO - 01/28/25 21:46:03 - 0:00:00 - Start of Process
INFO - 01/28/25 21:46:03 - 0:00:00 - Loading the file example/fake_data.txt
INFO - 01/28/25 21:46:06 - 0:00:00 - ============ Initialized logger ============
INFO - 01/28/25 21:46:06 - 0:00:00 - data_input: example/pvals/permutation_0.csv
                                     log: True
                                     method: sparcc
                                     n_iter: 2
                                     name: experiment_sparCC
                                     norm: dirichlet
                                     path_corr_file: ./SparCC/data/corr_files
                                     path_cov_file: ./SparCC/data/cov_files
                                     save_cor: example/pvals/perm_cor_0.csv
                                     save_cov: None
                                     savedir: ./SparCC/data
                                     threshold: 0.1
                                     verbose: True
                                     x_iter: 2
INFO - 01/28/25 21:46:06 - 0:00:00 - Start of Process
INFO - 01/28/25 21:46:06 - 0:00:00 - Loading the file example/pvals/permutation_0.csv
INFO - 01/28/25 21:46:08 - 0:00:00 - ============ Initialized logger ============
INFO - 01/28/25 21:46:08 - 0:00:00 - data_input: example/pvals/permutation_1.csv
                                     log: True
                                     method: sparcc
                                     n_iter: 2
                                     name: experiment_sparCC
                                     norm: dirichlet
                                     path_corr_file: ./SparCC/data/corr_files
                                     path_cov_file: ./SparCC/data/cov_files
                                     save_cor: example/pvals/perm_cor_1.csv
                                     save_cov: None
                                     savedir: ./SparCC/data
                                     threshold: 0.1
                                     verbose: True
                                     x_iter: 2
INFO - 01/28/25 21:46:08 - 0:00:00 - Start of Process
INFO - 01/28/25 21:46:08 - 0:00:00 - Loading the file example/pvals/permutation_1.csv
INFO - 01/28/25 21:46:10 - 0:00:00 - ============ Initialized logger ============
INFO - 01/28/25 21:46:10 - 0:00:00 - data_input: example/pvals/permutation_2.csv
                                     log: True
                                     method: sparcc
                                     n_iter: 2
                                     name: experiment_sparCC
                                     norm: dirichlet
                                     path_corr_file: ./SparCC/data/corr_files
                                     path_cov_file: ./SparCC/data/cov_files
                                     save_cor: example/pvals/perm_cor_2.csv
                                     save_cov: None
                                     savedir: ./SparCC/data
                                     threshold: 0.1
                                     verbose: True
                                     x_iter: 2
INFO - 01/28/25 21:46:10 - 0:00:00 - Start of Process
INFO - 01/28/25 21:46:10 - 0:00:00 - Loading the file example/pvals/permutation_2.csv
